<?xml version="1.0" encoding="UTF-8"?>
<testng-results ignored="0" total="1" passed="1" failed="0" skipped="0">
  <reporter-output>
  </reporter-output>
  <suite started-at="2023-05-27T03:25:59 IST" name="Default suite" finished-at="2023-05-27T03:26:13 IST" duration-ms="14064">
    <groups>
    </groups>
    <test started-at="2023-05-27T03:25:59 IST" name="Default test" finished-at="2023-05-27T03:26:13 IST" duration-ms="14064">
      <class name="com.blazedemo.testcases.PurchaseConfirmation">
        <test-method is-config="true" signature="setConfig()[pri:0, instance:com.blazedemo.testcases.PurchaseConfirmation@47d9a273]" started-at="2023-05-27T03:25:59 IST" name="setConfig" finished-at="2023-05-27T03:25:59 IST" duration-ms="117" status="PASS">
          <reporter-output>
          </reporter-output>
        </test-method> <!-- setConfig -->
        <test-method signature="purchaseConfirmation()[pri:1, instance:com.blazedemo.testcases.PurchaseConfirmation@47d9a273]" started-at="2023-05-27T03:25:59 IST" name="purchaseConfirmation" finished-at="2023-05-27T03:26:12 IST" duration-ms="12845" status="PASS">
          <reporter-output>
          </reporter-output>
        </test-method> <!-- purchaseConfirmation -->
        <test-method is-config="true" signature="teardown()[pri:0, instance:com.blazedemo.testcases.PurchaseConfirmation@47d9a273]" started-at="2023-05-27T03:26:12 IST" name="teardown" finished-at="2023-05-27T03:26:13 IST" duration-ms="1058" status="PASS">
          <reporter-output>
          </reporter-output>
        </test-method> <!-- teardown -->
      </class> <!-- com.blazedemo.testcases.PurchaseConfirmation -->
    </test> <!-- Default test -->
  </suite> <!-- Default suite -->
</testng-results>
